[2025-09-18--21-54-54 INFO actix_server::builder] starting 5 workers
[2025-09-18--21-54-54 INFO actix_server::server] Tokio runtime found; starting in existing Tokio runtime
[2025-09-18--21-54-54 INFO actix_server::server] starting service: "actix-web-service-127.0.0.1:18488", workers: 5, listening on: 127.0.0.1:18488
[2025-09-18--21-54-54 INFO parity_ws] Listening for new connections on 127.0.0.1:8900.
[2025-09-18--21-54-56 INFO txtx::svm::deploy_program] Failure Recovery Info - An ephemeral authority account will be created and funded to write to the buffer account.
[2025-09-18--21-54-56 INFO txtx::svm::deploy_program] Failure Recovery Info - Please save the following information in case the deployment fails and the account needs to be recovered:
[2025-09-18--21-54-56 INFO txtx::svm::deploy_program] Failure Recovery Info - Ephemeral authority public key: 4xute7b4379i8VHFBqnqeTSTxojJkKvFSuWNrrSjqbW7
[2025-09-18--21-54-56 INFO txtx::svm::deploy_program] Failure Recovery Info - Ephemeral authority secret key: 5UYhb3uLvYTvSNG7HDTtT7q12craKGMu8tARU5hCxncTKbMpbm2o5jVNXP6jWKcT3ZbrwZJS8b4VAT6Z8VSHdkYF
[2025-09-18--21-54-57 INFO txtx::svm::deploy_program] Account Created - Ephemeral authority account created and funded to write to buffer
[2025-09-18--21-54-57 INFO txtx::svm::deploy_program] Failure Recovery Info - Creating program buffer account at pubkey 5zPYy5bR9nP8pGg2M12TJawAFfQtYUFMaYag5dgyPYgR
[2025-09-18--21-54-57 INFO txtx::svm::deploy_program] Account Created - Program buffer account created
[2025-09-18--21-55-07 INFO txtx::svm::deploy_program] Buffer Ready - Writing to buffer account is complete
[2025-09-18--21-55-07 INFO txtx::svm::deploy_program] Program Created - Program 6KK6RHywHB93cTosJSrtBS34eJmsnaZdC4DPQjk4g5HC has been deployed
[2025-09-18--21-55-08 INFO txtx::svm::deploy_program] Complete - Ephemeral authority account closed and leftover funds returned to payer
[2025-09-18--22-02-53 INFO actix_server::worker] shutting down idle worker
[2025-09-18--22-02-53 INFO actix_server::worker] shutting down idle worker
[2025-09-18--22-02-53 INFO actix_server::worker] shutting down idle worker
[2025-09-18--22-02-53 INFO actix_server::accept] accept thread stopped
[2025-09-18--22-02-53 INFO actix_server::worker] shutting down idle worker
[2025-09-18--22-02-53 INFO actix_server::worker] shutting down idle worker
